{"C:\\Users\\andres\\OneDrive\\Escritorio\\CursoReact2025\\03-gifs-app\\src\\GifsApp.tsx": {"path":"C:\\Users\\andres\\OneDrive\\Escritorio\\CursoReact2025\\03-gifs-app\\src\\GifsApp.tsx","statementMap":{"0":{"start":{"line":7,"column":23},"end":{"line":30,"column":null}},"1":{"start":{"line":9,"column":66},"end":{"line":9,"column":null}}},"fnMap":{"0":{"name":"(anonymous_0)","decl":{"start":{"line":7,"column":23},"end":{"line":7,"column":null}},"loc":{"start":{"line":7,"column":23},"end":{"line":30,"column":null}},"line":7}},"branchMap":{},"s":{"0":1,"1":1},"f":{"0":1},"b":{},"meta":{"lastBranch":0,"lastFunction":1,"lastStatement":2,"seen":{"s:7:23:30:Infinity":0,"f:7:23:7:Infinity":0,"s:9:66:9:Infinity":1}}}
,"C:\\Users\\andres\\OneDrive\\Escritorio\\CursoReact2025\\03-gifs-app\\src\\counter\\components\\MyCounterApp.tsx": {"path":"C:\\Users\\andres\\OneDrive\\Escritorio\\CursoReact2025\\03-gifs-app\\src\\counter\\components\\MyCounterApp.tsx","statementMap":{"0":{"start":{"line":3,"column":28},"end":{"line":21,"column":null}},"1":{"start":{"line":5,"column":61},"end":{"line":5,"column":null}}},"fnMap":{"0":{"name":"(anonymous_0)","decl":{"start":{"line":3,"column":28},"end":{"line":3,"column":null}},"loc":{"start":{"line":3,"column":28},"end":{"line":21,"column":null}},"line":3}},"branchMap":{},"s":{"0":2,"1":7},"f":{"0":7},"b":{},"meta":{"lastBranch":0,"lastFunction":1,"lastStatement":2,"seen":{"s:3:28:21:Infinity":0,"f:3:28:3:Infinity":0,"s:5:61:5:Infinity":1}}}
,"C:\\Users\\andres\\OneDrive\\Escritorio\\CursoReact2025\\03-gifs-app\\src\\counter\\hooks\\useCounter.tsx": {"path":"C:\\Users\\andres\\OneDrive\\Escritorio\\CursoReact2025\\03-gifs-app\\src\\counter\\hooks\\useCounter.tsx","statementMap":{"0":{"start":{"line":3,"column":26},"end":{"line":28,"column":null}},"1":{"start":{"line":5,"column":31},"end":{"line":5,"column":null}},"2":{"start":{"line":7,"column":22},"end":{"line":9,"column":null}},"3":{"start":{"line":8,"column":8},"end":{"line":8,"column":null}},"4":{"start":{"line":11,"column":27},"end":{"line":13,"column":null}},"5":{"start":{"line":12,"column":8},"end":{"line":12,"column":null}},"6":{"start":{"line":12,"column":34},"end":{"line":12,"column":null}},"7":{"start":{"line":15,"column":24},"end":{"line":17,"column":null}},"8":{"start":{"line":16,"column":8},"end":{"line":16,"column":null}},"9":{"start":{"line":19,"column":4},"end":{"line":27,"column":null}}},"fnMap":{"0":{"name":"(anonymous_0)","decl":{"start":{"line":3,"column":26},"end":{"line":3,"column":27}},"loc":{"start":{"line":3,"column":52},"end":{"line":28,"column":null}},"line":3},"1":{"name":"(anonymous_1)","decl":{"start":{"line":7,"column":22},"end":{"line":7,"column":null}},"loc":{"start":{"line":7,"column":22},"end":{"line":9,"column":null}},"line":7},"2":{"name":"(anonymous_2)","decl":{"start":{"line":11,"column":27},"end":{"line":11,"column":null}},"loc":{"start":{"line":11,"column":27},"end":{"line":13,"column":null}},"line":11},"3":{"name":"(anonymous_3)","decl":{"start":{"line":12,"column":19},"end":{"line":12,"column":20}},"loc":{"start":{"line":12,"column":34},"end":{"line":12,"column":null}},"line":12},"4":{"name":"(anonymous_4)","decl":{"start":{"line":15,"column":24},"end":{"line":15,"column":null}},"loc":{"start":{"line":15,"column":24},"end":{"line":17,"column":null}},"line":15}},"branchMap":{"0":{"loc":{"start":{"line":3,"column":27},"end":{"line":3,"column":52}},"type":"default-arg","locations":[{"start":{"line":3,"column":50},"end":{"line":3,"column":52}}],"line":3}},"s":{"0":2,"1":14,"2":14,"3":2,"4":14,"5":7,"6":7,"7":14,"8":1,"9":14},"f":{"0":14,"1":2,"2":7,"3":7,"4":1},"b":{"0":[14]},"meta":{"lastBranch":1,"lastFunction":5,"lastStatement":10,"seen":{"s:3:26:28:Infinity":0,"f:3:26:3:27":0,"b:3:50:3:52":0,"s:5:31:5:Infinity":1,"s:7:22:9:Infinity":2,"f:7:22:7:Infinity":1,"s:8:8:8:Infinity":3,"s:11:27:13:Infinity":4,"f:11:27:11:Infinity":2,"s:12:8:12:Infinity":5,"f:12:19:12:20":3,"s:12:34:12:Infinity":6,"s:15:24:17:Infinity":7,"f:15:24:15:Infinity":4,"s:16:8:16:Infinity":8,"s:19:4:27:Infinity":9}}}
,"C:\\Users\\andres\\OneDrive\\Escritorio\\CursoReact2025\\03-gifs-app\\src\\gifs\\PreviousSearches.tsx": {"path":"C:\\Users\\andres\\OneDrive\\Escritorio\\CursoReact2025\\03-gifs-app\\src\\gifs\\PreviousSearches.tsx","statementMap":{"0":{"start":{"line":8,"column":43},"end":{"line":21,"column":null}},"1":{"start":{"line":15,"column":54},"end":{"line":15,"column":77}}},"fnMap":{"0":{"name":"(anonymous_0)","decl":{"start":{"line":8,"column":43},"end":{"line":8,"column":44}},"loc":{"start":{"line":8,"column":72},"end":{"line":21,"column":null}},"line":8},"1":{"name":"(anonymous_1)","decl":{"start":{"line":15,"column":48},"end":{"line":15,"column":54}},"loc":{"start":{"line":15,"column":54},"end":{"line":15,"column":77}},"line":15}},"branchMap":{},"s":{"0":2,"1":1},"f":{"0":2,"1":1},"b":{},"meta":{"lastBranch":0,"lastFunction":2,"lastStatement":2,"seen":{"s:8:43:21:Infinity":0,"f:8:43:8:44":0,"f:15:48:15:54":1,"s:15:54:15:77":1}}}
,"C:\\Users\\andres\\OneDrive\\Escritorio\\CursoReact2025\\03-gifs-app\\src\\gifs\\actions\\get-gifs-by-query.action.ts": {"path":"C:\\Users\\andres\\OneDrive\\Escritorio\\CursoReact2025\\03-gifs-app\\src\\gifs\\actions\\get-gifs-by-query.action.ts","statementMap":{"0":{"start":{"line":5,"column":30},"end":{"line":30,"column":null}},"1":{"start":{"line":7,"column":4},"end":{"line":9,"column":null}},"2":{"start":{"line":8,"column":8},"end":{"line":8,"column":null}},"3":{"start":{"line":11,"column":4},"end":{"line":29,"column":null}},"4":{"start":{"line":12,"column":25},"end":{"line":17,"column":null}},"5":{"start":{"line":19,"column":8},"end":{"line":25,"column":null}},"6":{"start":{"line":19,"column":48},"end":{"line":25,"column":null}},"7":{"start":{"line":27,"column":8},"end":{"line":27,"column":null}},"8":{"start":{"line":28,"column":8},"end":{"line":28,"column":null}}},"fnMap":{"0":{"name":"(anonymous_0)","decl":{"start":{"line":5,"column":30},"end":{"line":5,"column":37}},"loc":{"start":{"line":5,"column":37},"end":{"line":30,"column":null}},"line":5},"1":{"name":"(anonymous_1)","decl":{"start":{"line":19,"column":38},"end":{"line":19,"column":39}},"loc":{"start":{"line":19,"column":48},"end":{"line":25,"column":null}},"line":19}},"branchMap":{"0":{"loc":{"start":{"line":7,"column":4},"end":{"line":9,"column":null}},"type":"if","locations":[{"start":{"line":7,"column":4},"end":{"line":9,"column":null}},{"start":{},"end":{}}],"line":7}},"s":{"0":3,"1":6,"2":1,"3":5,"4":5,"5":4,"6":40,"7":1,"8":1},"f":{"0":6,"1":40},"b":{"0":[1,5]},"meta":{"lastBranch":1,"lastFunction":2,"lastStatement":9,"seen":{"s:5:30:30:Infinity":0,"f:5:30:5:37":0,"b:7:4:9:Infinity:undefined:undefined:undefined:undefined":0,"s:7:4:9:Infinity":1,"s:8:8:8:Infinity":2,"s:11:4:29:Infinity":3,"s:12:25:17:Infinity":4,"s:19:8:25:Infinity":5,"f:19:38:19:39":1,"s:19:48:25:Infinity":6,"s:27:8:27:Infinity":7,"s:28:8:28:Infinity":8}}}
,"C:\\Users\\andres\\OneDrive\\Escritorio\\CursoReact2025\\03-gifs-app\\src\\gifs\\api\\giphy.api.ts": {"path":"C:\\Users\\andres\\OneDrive\\Escritorio\\CursoReact2025\\03-gifs-app\\src\\gifs\\api\\giphy.api.ts","statementMap":{"0":{"start":{"line":3,"column":24},"end":{"line":9,"column":null}}},"fnMap":{},"branchMap":{},"s":{"0":4},"f":{},"b":{},"meta":{"lastBranch":0,"lastFunction":0,"lastStatement":1,"seen":{"s:3:24:9:Infinity":0}}}
,"C:\\Users\\andres\\OneDrive\\Escritorio\\CursoReact2025\\03-gifs-app\\src\\gifs\\hooks\\useGifs.tsx": {"path":"C:\\Users\\andres\\OneDrive\\Escritorio\\CursoReact2025\\03-gifs-app\\src\\gifs\\hooks\\useGifs.tsx","statementMap":{"0":{"start":{"line":7,"column":23},"end":{"line":45,"column":null}},"1":{"start":{"line":9,"column":43},"end":{"line":9,"column":null}},"2":{"start":{"line":10,"column":25},"end":{"line":10,"column":null}},"3":{"start":{"line":12,"column":10},"end":{"line":12,"column":null}},"4":{"start":{"line":14,"column":30},"end":{"line":23,"column":null}},"5":{"start":{"line":15,"column":8},"end":{"line":18,"column":null}},"6":{"start":{"line":16,"column":12},"end":{"line":16,"column":null}},"7":{"start":{"line":17,"column":12},"end":{"line":17,"column":null}},"8":{"start":{"line":20,"column":21},"end":{"line":20,"column":null}},"9":{"start":{"line":21,"column":8},"end":{"line":21,"column":null}},"10":{"start":{"line":22,"column":8},"end":{"line":22,"column":39}},"11":{"start":{"line":25,"column":25},"end":{"line":35,"column":null}},"12":{"start":{"line":26,"column":29},"end":{"line":26,"column":null}},"13":{"start":{"line":28,"column":8},"end":{"line":28,"column":null}},"14":{"start":{"line":28,"column":79},"end":{"line":28,"column":null}},"15":{"start":{"line":30,"column":8},"end":{"line":30,"column":null}},"16":{"start":{"line":32,"column":21},"end":{"line":32,"column":null}},"17":{"start":{"line":33,"column":8},"end":{"line":33,"column":null}},"18":{"start":{"line":34,"column":8},"end":{"line":34,"column":40}},"19":{"start":{"line":37,"column":4},"end":{"line":44,"column":null}}},"fnMap":{"0":{"name":"(anonymous_0)","decl":{"start":{"line":7,"column":23},"end":{"line":7,"column":null}},"loc":{"start":{"line":7,"column":23},"end":{"line":45,"column":null}},"line":7},"1":{"name":"(anonymous_1)","decl":{"start":{"line":14,"column":30},"end":{"line":14,"column":37}},"loc":{"start":{"line":14,"column":37},"end":{"line":23,"column":null}},"line":14},"2":{"name":"(anonymous_2)","decl":{"start":{"line":25,"column":25},"end":{"line":25,"column":32}},"loc":{"start":{"line":25,"column":32},"end":{"line":35,"column":null}},"line":25}},"branchMap":{"0":{"loc":{"start":{"line":15,"column":8},"end":{"line":18,"column":null}},"type":"if","locations":[{"start":{"line":15,"column":8},"end":{"line":18,"column":null}},{"start":{},"end":{}}],"line":15},"1":{"loc":{"start":{"line":28,"column":8},"end":{"line":28,"column":null}},"type":"if","locations":[{"start":{"line":28,"column":8},"end":{"line":28,"column":null}},{"start":{},"end":{}}],"line":28},"2":{"loc":{"start":{"line":28,"column":12},"end":{"line":28,"column":79}},"type":"binary-expr","locations":[{"start":{"line":28,"column":12},"end":{"line":28,"column":41}},{"start":{"line":28,"column":41},"end":{"line":28,"column":79}}],"line":28}},"s":{"0":2,"1":20,"2":20,"3":20,"4":20,"5":3,"6":1,"7":1,"8":2,"9":2,"10":2,"11":20,"12":11,"13":11,"14":1,"15":10,"16":10,"17":10,"18":10,"19":20},"f":{"0":20,"1":3,"2":11},"b":{"0":[1,2],"1":[1,10],"2":[11,10]},"meta":{"lastBranch":3,"lastFunction":3,"lastStatement":20,"seen":{"s:7:23:45:Infinity":0,"f:7:23:7:Infinity":0,"s:9:43:9:Infinity":1,"s:10:25:10:Infinity":2,"s:12:10:12:Infinity":3,"s:14:30:23:Infinity":4,"f:14:30:14:37":1,"b:15:8:18:Infinity:undefined:undefined:undefined:undefined":0,"s:15:8:18:Infinity":5,"s:16:12:16:Infinity":6,"s:17:12:17:Infinity":7,"s:20:21:20:Infinity":8,"s:21:8:21:Infinity":9,"s:22:8:22:39":10,"s:25:25:35:Infinity":11,"f:25:25:25:32":2,"s:26:29:26:Infinity":12,"b:28:8:28:Infinity:undefined:undefined:undefined:undefined":1,"s:28:8:28:Infinity":13,"b:28:12:28:41:28:41:28:79":2,"s:28:79:28:Infinity":14,"s:30:8:30:Infinity":15,"s:32:21:32:Infinity":16,"s:33:8:33:Infinity":17,"s:34:8:34:40":18,"s:37:4:44:Infinity":19}}}
,"C:\\Users\\andres\\OneDrive\\Escritorio\\CursoReact2025\\03-gifs-app\\src\\shared\\components\\CustomHeader.tsx": {"path":"C:\\Users\\andres\\OneDrive\\Escritorio\\CursoReact2025\\03-gifs-app\\src\\shared\\components\\CustomHeader.tsx","statementMap":{"0":{"start":{"line":6,"column":28},"end":{"line":13,"column":null}}},"fnMap":{"0":{"name":"(anonymous_0)","decl":{"start":{"line":6,"column":28},"end":{"line":6,"column":29}},"loc":{"start":{"line":6,"column":58},"end":{"line":13,"column":null}},"line":6}},"branchMap":{},"s":{"0":2},"f":{"0":4},"b":{},"meta":{"lastBranch":0,"lastFunction":1,"lastStatement":1,"seen":{"s:6:28:13:Infinity":0,"f:6:28:6:29":0}}}
,"C:\\Users\\andres\\OneDrive\\Escritorio\\CursoReact2025\\03-gifs-app\\src\\shared\\components\\GiftList.tsx": {"path":"C:\\Users\\andres\\OneDrive\\Escritorio\\CursoReact2025\\03-gifs-app\\src\\shared\\components\\GiftList.tsx","statementMap":{"0":{"start":{"line":7,"column":24},"end":{"line":23,"column":null}}},"fnMap":{"0":{"name":"(anonymous_0)","decl":{"start":{"line":7,"column":24},"end":{"line":7,"column":25}},"loc":{"start":{"line":7,"column":40},"end":{"line":23,"column":null}},"line":7}},"branchMap":{},"s":{"0":1},"f":{"0":1},"b":{},"meta":{"lastBranch":0,"lastFunction":1,"lastStatement":1,"seen":{"s:7:24:23:Infinity":0,"f:7:24:7:25":0}}}
,"C:\\Users\\andres\\OneDrive\\Escritorio\\CursoReact2025\\03-gifs-app\\src\\shared\\components\\SearchBar.tsx": {"path":"C:\\Users\\andres\\OneDrive\\Escritorio\\CursoReact2025\\03-gifs-app\\src\\shared\\components\\SearchBar.tsx","statementMap":{"0":{"start":{"line":8,"column":25},"end":{"line":48,"column":null}},"1":{"start":{"line":10,"column":27},"end":{"line":10,"column":null}},"2":{"start":{"line":12,"column":4},"end":{"line":21,"column":null}},"3":{"start":{"line":13,"column":26},"end":{"line":15,"column":null}},"4":{"start":{"line":14,"column":12},"end":{"line":14,"column":null}},"5":{"start":{"line":17,"column":8},"end":{"line":20,"column":null}},"6":{"start":{"line":18,"column":12},"end":{"line":18,"column":null}},"7":{"start":{"line":23,"column":25},"end":{"line":26,"column":null}},"8":{"start":{"line":24,"column":8},"end":{"line":24,"column":null}},"9":{"start":{"line":28,"column":26},"end":{"line":32,"column":null}},"10":{"start":{"line":29,"column":8},"end":{"line":31,"column":null}},"11":{"start":{"line":30,"column":12},"end":{"line":30,"column":null}},"12":{"start":{"line":40,"column":37},"end":{"line":40,"column":null}}},"fnMap":{"0":{"name":"(anonymous_0)","decl":{"start":{"line":8,"column":25},"end":{"line":8,"column":26}},"loc":{"start":{"line":8,"column":68},"end":{"line":48,"column":null}},"line":8},"1":{"name":"(anonymous_1)","decl":{"start":{"line":12,"column":14},"end":{"line":12,"column":null}},"loc":{"start":{"line":12,"column":14},"end":{"line":21,"column":null}},"line":12},"2":{"name":"(anonymous_2)","decl":{"start":{"line":13,"column":37},"end":{"line":13,"column":null}},"loc":{"start":{"line":13,"column":37},"end":{"line":15,"column":11}},"line":13},"3":{"name":"(anonymous_3)","decl":{"start":{"line":17,"column":15},"end":{"line":17,"column":null}},"loc":{"start":{"line":17,"column":15},"end":{"line":20,"column":null}},"line":17},"4":{"name":"(anonymous_4)","decl":{"start":{"line":23,"column":25},"end":{"line":23,"column":null}},"loc":{"start":{"line":23,"column":25},"end":{"line":26,"column":null}},"line":23},"5":{"name":"(anonymous_5)","decl":{"start":{"line":28,"column":26},"end":{"line":28,"column":27}},"loc":{"start":{"line":28,"column":27},"end":{"line":32,"column":null}},"line":28},"6":{"name":"(anonymous_6)","decl":{"start":{"line":40,"column":26},"end":{"line":40,"column":27}},"loc":{"start":{"line":40,"column":37},"end":{"line":40,"column":null}},"line":40}},"branchMap":{"0":{"loc":{"start":{"line":8,"column":28},"end":{"line":8,"column":50}},"type":"default-arg","locations":[{"start":{"line":8,"column":42},"end":{"line":8,"column":50}}],"line":8},"1":{"loc":{"start":{"line":29,"column":8},"end":{"line":31,"column":null}},"type":"if","locations":[{"start":{"line":29,"column":8},"end":{"line":31,"column":null}},{"start":{},"end":{}}],"line":29}},"s":{"0":2,"1":14,"2":14,"3":14,"4":2,"5":14,"6":14,"7":14,"8":2,"9":14,"10":2,"11":1,"12":7},"f":{"0":14,"1":14,"2":2,"3":14,"4":2,"5":2,"6":7},"b":{"0":[14],"1":[1,1]},"meta":{"lastBranch":2,"lastFunction":7,"lastStatement":13,"seen":{"s:8:25:48:Infinity":0,"f:8:25:8:26":0,"b:8:42:8:50":0,"s:10:27:10:Infinity":1,"s:12:4:21:Infinity":2,"f:12:14:12:Infinity":1,"s:13:26:15:Infinity":3,"f:13:37:13:Infinity":2,"s:14:12:14:Infinity":4,"s:17:8:20:Infinity":5,"f:17:15:17:Infinity":3,"s:18:12:18:Infinity":6,"s:23:25:26:Infinity":7,"f:23:25:23:Infinity":4,"s:24:8:24:Infinity":8,"s:28:26:32:Infinity":9,"f:28:26:28:27":5,"b:29:8:31:Infinity:undefined:undefined:undefined:undefined":1,"s:29:8:31:Infinity":10,"s:30:12:30:Infinity":11,"f:40:26:40:27":6,"s:40:37:40:Infinity":12}}}
,"C:\\Users\\andres\\OneDrive\\Escritorio\\CursoReact2025\\03-gifs-app\\tests\\mocks\\giphy.response.data.ts": {"path":"C:\\Users\\andres\\OneDrive\\Escritorio\\CursoReact2025\\03-gifs-app\\tests\\mocks\\giphy.response.data.ts","statementMap":{"0":{"start":{"line":1,"column":39},"end":{"line":2005,"column":null}}},"fnMap":{},"branchMap":{},"s":{"0":1},"f":{},"b":{},"meta":{"lastBranch":0,"lastFunction":0,"lastStatement":1,"seen":{"s:1:39:2005:Infinity":0}}}
}
