{"C:\\Users\\andres\\OneDrive\\Escritorio\\CursoReact2025\\02-first-steps\\src\\FirstStepsApp.tsx": {"path":"C:\\Users\\andres\\OneDrive\\Escritorio\\CursoReact2025\\02-first-steps\\src\\FirstStepsApp.tsx","statementMap":{"0":{"start":{"line":8,"column":34},"end":{"line":12,"column":null}}},"fnMap":{"0":{"name":"FirstStepsApp","decl":{"start":{"line":14,"column":16},"end":{"line":14,"column":null}},"loc":{"start":{"line":14,"column":16},"end":{"line":28,"column":null}},"line":14}},"branchMap":{},"s":{"0":1},"f":{"0":3},"b":{},"meta":{"lastBranch":0,"lastFunction":1,"lastStatement":1,"seen":{"s:8:34:12:Infinity":0,"f:14:16:14:Infinity":0}}}
,"C:\\Users\\andres\\OneDrive\\Escritorio\\CursoReact2025\\02-first-steps\\src\\MyAwesomeApp.tsx": {"path":"C:\\Users\\andres\\OneDrive\\Escritorio\\CursoReact2025\\02-first-steps\\src\\MyAwesomeApp.tsx","statementMap":{"0":{"start":{"line":3,"column":28},"end":{"line":34,"column":null}},"1":{"start":{"line":5,"column":22},"end":{"line":5,"column":null}},"2":{"start":{"line":6,"column":21},"end":{"line":6,"column":null}},"3":{"start":{"line":8,"column":26},"end":{"line":8,"column":null}},"4":{"start":{"line":9,"column":21},"end":{"line":9,"column":null}},"5":{"start":{"line":11,"column":20},"end":{"line":14,"column":null}},"6":{"start":{"line":16,"column":36},"end":{"line":21,"column":null}}},"fnMap":{"0":{"name":"(anonymous_0)","decl":{"start":{"line":3,"column":28},"end":{"line":3,"column":null}},"loc":{"start":{"line":3,"column":28},"end":{"line":34,"column":null}},"line":3}},"branchMap":{"0":{"loc":{"start":{"line":30,"column":17},"end":{"line":30,"column":null}},"type":"cond-expr","locations":[{"start":{"line":30,"column":28},"end":{"line":30,"column":39}},{"start":{"line":30,"column":39},"end":{"line":30,"column":null}}],"line":30}},"s":{"0":1,"1":3,"2":3,"3":3,"4":3,"5":3,"6":3},"f":{"0":3},"b":{"0":[3,0]},"meta":{"lastBranch":1,"lastFunction":1,"lastStatement":7,"seen":{"s:3:28:34:Infinity":0,"f:3:28:3:Infinity":0,"s:5:22:5:Infinity":1,"s:6:21:6:Infinity":2,"s:8:26:8:Infinity":3,"s:9:21:9:Infinity":4,"s:11:20:14:Infinity":5,"s:16:36:21:Infinity":6,"b:30:28:30:39:30:39:30:Infinity":0}}}
,"C:\\Users\\andres\\OneDrive\\Escritorio\\CursoReact2025\\02-first-steps\\src\\helpers\\math.helper.ts": {"path":"C:\\Users\\andres\\OneDrive\\Escritorio\\CursoReact2025\\02-first-steps\\src\\helpers\\math.helper.ts","statementMap":{"0":{"start":{"line":2,"column":19},"end":{"line":4,"column":null}},"1":{"start":{"line":3,"column":4},"end":{"line":3,"column":null}},"2":{"start":{"line":6,"column":24},"end":{"line":8,"column":null}},"3":{"start":{"line":7,"column":4},"end":{"line":7,"column":null}},"4":{"start":{"line":10,"column":24},"end":{"line":12,"column":null}},"5":{"start":{"line":11,"column":4},"end":{"line":11,"column":null}},"6":{"start":{"line":14,"column":22},"end":{"line":16,"column":null}},"7":{"start":{"line":15,"column":4},"end":{"line":15,"column":null}}},"fnMap":{"0":{"name":"(anonymous_0)","decl":{"start":{"line":2,"column":19},"end":{"line":2,"column":20}},"loc":{"start":{"line":2,"column":31},"end":{"line":4,"column":null}},"line":2},"1":{"name":"(anonymous_1)","decl":{"start":{"line":6,"column":24},"end":{"line":6,"column":25}},"loc":{"start":{"line":6,"column":36},"end":{"line":8,"column":null}},"line":6},"2":{"name":"(anonymous_2)","decl":{"start":{"line":10,"column":24},"end":{"line":10,"column":25}},"loc":{"start":{"line":10,"column":36},"end":{"line":12,"column":null}},"line":10},"3":{"name":"(anonymous_3)","decl":{"start":{"line":14,"column":22},"end":{"line":14,"column":23}},"loc":{"start":{"line":14,"column":34},"end":{"line":16,"column":null}},"line":14}},"branchMap":{},"s":{"0":1,"1":2,"2":1,"3":2,"4":1,"5":2,"6":1,"7":1},"f":{"0":2,"1":2,"2":2,"3":1},"b":{},"meta":{"lastBranch":0,"lastFunction":4,"lastStatement":8,"seen":{"s:2:19:4:Infinity":0,"f:2:19:2:20":0,"s:3:4:3:Infinity":1,"s:6:24:8:Infinity":2,"f:6:24:6:25":1,"s:7:4:7:Infinity":3,"s:10:24:12:Infinity":4,"f:10:24:10:25":2,"s:11:4:11:Infinity":5,"s:14:22:16:Infinity":6,"f:14:22:14:23":3,"s:15:4:15:Infinity":7}}}
,"C:\\Users\\andres\\OneDrive\\Escritorio\\CursoReact2025\\02-first-steps\\src\\shopping-cart\\ItemCounter.module.css": {"path":"C:\\Users\\andres\\OneDrive\\Escritorio\\CursoReact2025\\02-first-steps\\src\\shopping-cart\\ItemCounter.module.css","statementMap":{},"fnMap":{},"branchMap":{},"s":{},"f":{},"b":{},"meta":{"lastBranch":0,"lastFunction":0,"lastStatement":0,"seen":{}}}
,"C:\\Users\\andres\\OneDrive\\Escritorio\\CursoReact2025\\02-first-steps\\src\\shopping-cart\\ItemCounter.tsx": {"path":"C:\\Users\\andres\\OneDrive\\Escritorio\\CursoReact2025\\02-first-steps\\src\\shopping-cart\\ItemCounter.tsx","statementMap":{"0":{"start":{"line":10,"column":27},"end":{"line":45,"column":null}},"1":{"start":{"line":12,"column":27},"end":{"line":12,"column":null}},"2":{"start":{"line":14,"column":22},"end":{"line":16,"column":null}},"3":{"start":{"line":15,"column":8},"end":{"line":15,"column":null}},"4":{"start":{"line":17,"column":27},"end":{"line":21,"column":null}},"5":{"start":{"line":18,"column":8},"end":{"line":18,"column":null}},"6":{"start":{"line":18,"column":25},"end":{"line":18,"column":null}},"7":{"start":{"line":20,"column":8},"end":{"line":20,"column":null}}},"fnMap":{"0":{"name":"(anonymous_0)","decl":{"start":{"line":10,"column":27},"end":{"line":10,"column":28}},"loc":{"start":{"line":10,"column":57},"end":{"line":45,"column":null}},"line":10},"1":{"name":"(anonymous_1)","decl":{"start":{"line":14,"column":22},"end":{"line":14,"column":null}},"loc":{"start":{"line":14,"column":22},"end":{"line":16,"column":null}},"line":14},"2":{"name":"(anonymous_2)","decl":{"start":{"line":17,"column":27},"end":{"line":17,"column":null}},"loc":{"start":{"line":17,"column":27},"end":{"line":21,"column":null}},"line":17}},"branchMap":{"0":{"loc":{"start":{"line":10,"column":36},"end":{"line":10,"column":48}},"type":"default-arg","locations":[{"start":{"line":10,"column":47},"end":{"line":10,"column":48}}],"line":10},"1":{"loc":{"start":{"line":18,"column":8},"end":{"line":18,"column":null}},"type":"if","locations":[{"start":{"line":18,"column":8},"end":{"line":18,"column":null}},{"start":{},"end":{}}],"line":18},"2":{"loc":{"start":{"line":36,"column":27},"end":{"line":36,"column":null}},"type":"cond-expr","locations":[{"start":{"line":36,"column":41},"end":{"line":36,"column":49}},{"start":{"line":36,"column":49},"end":{"line":36,"column":null}}],"line":36}},"s":{"0":1,"1":9,"2":9,"3":1,"4":9,"5":2,"6":1,"7":1},"f":{"0":9,"1":1,"2":2},"b":{"0":[9],"1":[1,1],"2":[3,6]},"meta":{"lastBranch":3,"lastFunction":3,"lastStatement":8,"seen":{"s:10:27:45:Infinity":0,"f:10:27:10:28":0,"b:10:47:10:48":0,"s:12:27:12:Infinity":1,"s:14:22:16:Infinity":2,"f:14:22:14:Infinity":1,"s:15:8:15:Infinity":3,"s:17:27:21:Infinity":4,"f:17:27:17:Infinity":2,"b:18:8:18:Infinity:undefined:undefined:undefined:undefined":1,"s:18:8:18:Infinity":5,"s:18:25:18:Infinity":6,"s:20:8:20:Infinity":7,"b:36:41:36:49:36:49:36:Infinity":2}}}
}
